1693549262391	geckodriver	INFO	Listening on 127.0.0.1:42105
1693549262393	mozrunner::runner	INFO	Running command: MOZ_CRASHREPORTER="1" MOZ_CRASHREPORTER_NO_REPORT="1" MOZ_CRASHREPORTER_SHUTDOWN="1" MOZ_NO_REMOTE="1" "/usr ... te" "--remote-debugging-port" "45247" "--remote-allow-hosts" "localhost" "-no-remote" "-profile" "/tmp/rust_mozprofilecjlThU"
console.warn: services.settings: Ignoring preference override of remote settings server
console.warn: services.settings: Allow by setting MOZ_REMOTE_SETTINGS_DEVTOOLS=1 in the environment
[GFX1-]: glxtest: ManageChildProcess failed

[GFX1-]: glxtest: libEGL missing
1693549262745	Marionette	INFO	Marionette enabled
1693549262800	Marionette	INFO	Listening on port 42753
WebDriver BiDi listening on ws://127.0.0.1:45247
Read port: 42753
1693549262956	RemoteAgent	WARN	TLS certificate errors will be ignored for this session
console.error: ({})
DevTools listening on ws://127.0.0.1:45247/devtools/browser/04300daa-3c6b-4e0d-a7bf-96f07e772342
console.warn: LoginRecipes: "Falling back to a synchronous message for: https://www.aid.no."
console.warn: LoginRecipes: "Falling back to a synchronous message for: https://www.aid.no."
JavaScript warning: https://assets.acdn.no/pkg/@amedia/user/v0/user.js, line 3: unreachable code after return statement
JavaScript warning: https://assets.acdn.no/pkg/@amedia/user/v0/user.js, line 3: unreachable code after return statement
JavaScript warning: https://assets.acdn.no/pkg/@amedia/user/v0/user.js, line 3: unreachable code after return statement
JavaScript warning: https://services.api.no/api/adplogger/v3/main-4b5a2d39.js, line 16: Script terminated by timeout at:
__awaiter@https://services.api.no/api/adplogger/v3/main-4b5a2d39.js:16:19
flush$1@https://services.api.no/api/adplogger/v3/main-4b5a2d39.js:1242:12
creator@https://services.api.no/api/adplogger/v3/main-4b5a2d39.js:1537:49
flushEvents@https://services.api.no/api/adplogger/v3/main-4b5a2d39.js:4037:11

1693549267622	Marionette	INFO	Stopped listening on port 42753
